<?xml version="1.0" encoding="UTF-8"?>
<coverage generated="1671736130551" clover="3.2.0">
  <project timestamp="1671736130551" name="All files">
    <metrics statements="49" coveredstatements="22" conditionals="24" coveredconditionals="5" methods="12" coveredmethods="6" elements="85" coveredelements="33" complexity="0" loc="49" ncloc="49" packages="1" files="2" classes="2"/>
    <file name="BlockQuote.js" path="C:\Users\arbal\OneDrive\Documents\R_Projects\Packages\designer\srcjs\component\BlockQuote.js">
      <metrics statements="6" coveredstatements="3" conditionals="0" coveredconditionals="0" methods="2" coveredmethods="1"/>
      <line num="4" count="1" type="stmt"/>
      <line num="7" count="1" type="stmt"/>
      <line num="8" count="1" type="stmt"/>
      <line num="12" count="0" type="stmt"/>
      <line num="13" count="0" type="stmt"/>
      <line num="15" count="0" type="stmt"/>
    </file>
    <file name="Component.js" path="C:\Users\arbal\OneDrive\Documents\R_Projects\Packages\designer\srcjs\component\Component.js">
      <metrics statements="43" coveredstatements="19" conditionals="24" coveredconditionals="5" methods="10" coveredmethods="5"/>
      <line num="4" count="6" type="stmt"/>
      <line num="5" count="6" type="stmt"/>
      <line num="6" count="6" type="stmt"/>
      <line num="7" count="6" type="stmt"/>
      <line num="8" count="6" type="stmt"/>
      <line num="13" count="6" type="stmt"/>
      <line num="16" count="6" type="stmt"/>
      <line num="20" count="1" type="stmt"/>
      <line num="24" count="4" type="stmt"/>
      <line num="25" count="6" type="stmt"/>
      <line num="27" count="4" type="stmt"/>
      <line num="31" count="1" type="cond" truecount="1" falsecount="1"/>
      <line num="32" count="1" type="stmt"/>
      <line num="35" count="0" type="stmt"/>
      <line num="36" count="0" type="stmt"/>
      <line num="37" count="0" type="stmt"/>
      <line num="38" count="0" type="stmt"/>
      <line num="39" count="0" type="cond" truecount="0" falsecount="2"/>
      <line num="40" count="0" type="stmt"/>
      <line num="45" count="0" type="stmt"/>
      <line num="53" count="0" type="cond" truecount="0" falsecount="2"/>
      <line num="54" count="0" type="cond" truecount="0" falsecount="2"/>
      <line num="55" count="0" type="stmt"/>
      <line num="56" count="0" type="cond" truecount="0" falsecount="2"/>
      <line num="57" count="0" type="stmt"/>
      <line num="59" count="0" type="stmt"/>
      <line num="64" count="0" type="stmt"/>
      <line num="65" count="0" type="cond" truecount="0" falsecount="4"/>
      <line num="66" count="0" type="stmt"/>
      <line num="67" count="0" type="stmt"/>
      <line num="74" count="0" type="stmt"/>
      <line num="75" count="0" type="cond" truecount="0" falsecount="2"/>
      <line num="76" count="0" type="stmt"/>
      <line num="77" count="0" type="stmt"/>
      <line num="78" count="0" type="stmt"/>
      <line num="83" count="0" type="cond" truecount="0" falsecount="2"/>
      <line num="84" count="0" type="stmt"/>
      <line num="88" count="3" type="cond" truecount="2" falsecount="0"/>
      <line num="89" count="1" type="stmt"/>
      <line num="90" count="2" type="cond" truecount="2" falsecount="0"/>
      <line num="91" count="1" type="stmt"/>
      <line num="93" count="1" type="stmt"/>
      <line num="97" count="6" type="stmt"/>
    </file>
  </project>
</coverage>
