{"C:\\Users\\arbal\\OneDrive\\Documents\\R_Projects\\Packages\\designer\\srcjs\\component\\BlockQuote.js": {"path":"C:\\Users\\arbal\\OneDrive\\Documents\\R_Projects\\Packages\\designer\\srcjs\\component\\BlockQuote.js","statementMap":{"0":{"start":{"line":4,"column":9},"end":{"line":4,"column":176}},"1":{"start":{"line":7,"column":4},"end":{"line":7,"column":11}},"2":{"start":{"line":8,"column":4},"end":{"line":8,"column":30}},"3":{"start":{"line":12,"column":19},"end":{"line":12,"column":51}},"4":{"start":{"line":13,"column":18},"end":{"line":13,"column":52}},"5":{"start":{"line":15,"column":4},"end":{"line":15,"column":69}}},"fnMap":{"0":{"name":"(anonymous_0)","decl":{"start":{"line":6,"column":2},"end":{"line":6,"column":3}},"loc":{"start":{"line":6,"column":17},"end":{"line":9,"column":3}},"line":6},"1":{"name":"(anonymous_1)","decl":{"start":{"line":11,"column":2},"end":{"line":11,"column":3}},"loc":{"start":{"line":11,"column":21},"end":{"line":16,"column":3}},"line":11}},"branchMap":{},"s":{"0":1,"1":1,"2":1,"3":0,"4":0,"5":0},"f":{"0":1,"1":0},"b":{},"_coverageSchema":"1a1c01bbd47fc00a2c39e90264f33305004495a9","hash":"2b91b322b9e14a86635f09d5e619a5ccd90b762e"}
,"C:\\Users\\arbal\\OneDrive\\Documents\\R_Projects\\Packages\\designer\\srcjs\\component\\Component.js": {"path":"C:\\Users\\arbal\\OneDrive\\Documents\\R_Projects\\Packages\\designer\\srcjs\\component\\Component.js","statementMap":{"0":{"start":{"line":4,"column":14},"end":{"line":4,"column":18}},"1":{"start":{"line":5,"column":21},"end":{"line":5,"column":25}},"2":{"start":{"line":6,"column":22},"end":{"line":6,"column":26}},"3":{"start":{"line":7,"column":18},"end":{"line":7,"column":23}},"4":{"start":{"line":8,"column":11},"end":{"line":8,"column":16}},"5":{"start":{"line":13,"column":9},"end":{"line":13,"column":22}},"6":{"start":{"line":16,"column":4},"end":{"line":16,"column":20}},"7":{"start":{"line":20,"column":4},"end":{"line":20,"column":20}},"8":{"start":{"line":24,"column":4},"end":{"line":26,"column":5}},"9":{"start":{"line":25,"column":6},"end":{"line":25,"column":69}},"10":{"start":{"line":27,"column":4},"end":{"line":27,"column":15}},"11":{"start":{"line":31,"column":4},"end":{"line":33,"column":5}},"12":{"start":{"line":32,"column":6},"end":{"line":32,"column":17}},"13":{"start":{"line":35,"column":4},"end":{"line":35,"column":40}},"14":{"start":{"line":36,"column":17},"end":{"line":36,"column":39}},"15":{"start":{"line":37,"column":4},"end":{"line":37,"column":40}},"16":{"start":{"line":38,"column":4},"end":{"line":38,"column":22}},"17":{"start":{"line":39,"column":4},"end":{"line":41,"column":5}},"18":{"start":{"line":40,"column":6},"end":{"line":40,"column":27}},"19":{"start":{"line":45,"column":4},"end":{"line":70,"column":8}},"20":{"start":{"line":53,"column":10},"end":{"line":61,"column":11}},"21":{"start":{"line":54,"column":12},"end":{"line":60,"column":13}},"22":{"start":{"line":55,"column":14},"end":{"line":55,"column":93}},"23":{"start":{"line":56,"column":19},"end":{"line":60,"column":13}},"24":{"start":{"line":57,"column":14},"end":{"line":57,"column":92}},"25":{"start":{"line":59,"column":14},"end":{"line":59,"column":68}},"26":{"start":{"line":64,"column":10},"end":{"line":64,"column":61}},"27":{"start":{"line":65,"column":10},"end":{"line":68,"column":11}},"28":{"start":{"line":66,"column":12},"end":{"line":66,"column":42}},"29":{"start":{"line":67,"column":12},"end":{"line":67,"column":39}},"30":{"start":{"line":74,"column":21},"end":{"line":74,"column":49}},"31":{"start":{"line":75,"column":4},"end":{"line":79,"column":5}},"32":{"start":{"line":76,"column":6},"end":{"line":76,"column":86}},"33":{"start":{"line":77,"column":6},"end":{"line":77,"column":73}},"34":{"start":{"line":78,"column":6},"end":{"line":78,"column":80}},"35":{"start":{"line":83,"column":4},"end":{"line":83,"column":43}},"36":{"start":{"line":84,"column":4},"end":{"line":84,"column":63}},"37":{"start":{"line":88,"column":4},"end":{"line":94,"column":5}},"38":{"start":{"line":89,"column":6},"end":{"line":89,"column":14}},"39":{"start":{"line":90,"column":11},"end":{"line":94,"column":5}},"40":{"start":{"line":91,"column":6},"end":{"line":91,"column":21}},"41":{"start":{"line":93,"column":6},"end":{"line":93,"column":21}},"42":{"start":{"line":97,"column":11},"end":{"line":97,"column":126}}},"fnMap":{"0":{"name":"(anonymous_0)","decl":{"start":{"line":15,"column":2},"end":{"line":15,"column":3}},"loc":{"start":{"line":15,"column":17},"end":{"line":17,"column":3}},"line":15},"1":{"name":"(anonymous_1)","decl":{"start":{"line":19,"column":2},"end":{"line":19,"column":3}},"loc":{"start":{"line":19,"column":21},"end":{"line":21,"column":3}},"line":19},"2":{"name":"(anonymous_2)","decl":{"start":{"line":23,"column":2},"end":{"line":23,"column":3}},"loc":{"start":{"line":23,"column":42},"end":{"line":28,"column":3}},"line":23},"3":{"name":"(anonymous_3)","decl":{"start":{"line":30,"column":2},"end":{"line":30,"column":3}},"loc":{"start":{"line":30,"column":44},"end":{"line":42,"column":3}},"line":30},"4":{"name":"(anonymous_4)","decl":{"start":{"line":44,"column":2},"end":{"line":44,"column":3}},"loc":{"start":{"line":44,"column":20},"end":{"line":71,"column":3}},"line":44},"5":{"name":"(anonymous_5)","decl":{"start":{"line":52,"column":17},"end":{"line":52,"column":18}},"loc":{"start":{"line":52,"column":32},"end":{"line":62,"column":9}},"line":52},"6":{"name":"(anonymous_6)","decl":{"start":{"line":63,"column":15},"end":{"line":63,"column":16}},"loc":{"start":{"line":63,"column":31},"end":{"line":69,"column":9}},"line":63},"7":{"name":"(anonymous_7)","decl":{"start":{"line":73,"column":2},"end":{"line":73,"column":3}},"loc":{"start":{"line":73,"column":17},"end":{"line":80,"column":3}},"line":73},"8":{"name":"(anonymous_8)","decl":{"start":{"line":82,"column":2},"end":{"line":82,"column":3}},"loc":{"start":{"line":82,"column":25},"end":{"line":85,"column":3}},"line":82},"9":{"name":"(anonymous_9)","decl":{"start":{"line":87,"column":2},"end":{"line":87,"column":3}},"loc":{"start":{"line":87,"column":32},"end":{"line":95,"column":3}},"line":87}},"branchMap":{"0":{"loc":{"start":{"line":30,"column":19},"end":{"line":30,"column":42}},"type":"default-arg","locations":[{"start":{"line":30,"column":37},"end":{"line":30,"column":42}}],"line":30},"1":{"loc":{"start":{"line":31,"column":4},"end":{"line":33,"column":5}},"type":"if","locations":[{"start":{"line":31,"column":4},"end":{"line":33,"column":5}},{"start":{},"end":{}}],"line":31},"2":{"loc":{"start":{"line":39,"column":4},"end":{"line":41,"column":5}},"type":"if","locations":[{"start":{"line":39,"column":4},"end":{"line":41,"column":5}},{"start":{},"end":{}}],"line":39},"3":{"loc":{"start":{"line":53,"column":10},"end":{"line":61,"column":11}},"type":"if","locations":[{"start":{"line":53,"column":10},"end":{"line":61,"column":11}},{"start":{},"end":{}}],"line":53},"4":{"loc":{"start":{"line":54,"column":12},"end":{"line":60,"column":13}},"type":"if","locations":[{"start":{"line":54,"column":12},"end":{"line":60,"column":13}},{"start":{"line":56,"column":19},"end":{"line":60,"column":13}}],"line":54},"5":{"loc":{"start":{"line":56,"column":19},"end":{"line":60,"column":13}},"type":"if","locations":[{"start":{"line":56,"column":19},"end":{"line":60,"column":13}},{"start":{"line":58,"column":19},"end":{"line":60,"column":13}}],"line":56},"6":{"loc":{"start":{"line":65,"column":10},"end":{"line":68,"column":11}},"type":"if","locations":[{"start":{"line":65,"column":10},"end":{"line":68,"column":11}},{"start":{},"end":{}}],"line":65},"7":{"loc":{"start":{"line":65,"column":14},"end":{"line":65,"column":72}},"type":"binary-expr","locations":[{"start":{"line":65,"column":14},"end":{"line":65,"column":33}},{"start":{"line":65,"column":37},"end":{"line":65,"column":72}}],"line":65},"8":{"loc":{"start":{"line":75,"column":4},"end":{"line":79,"column":5}},"type":"if","locations":[{"start":{"line":75,"column":4},"end":{"line":79,"column":5}},{"start":{},"end":{}}],"line":75},"9":{"loc":{"start":{"line":82,"column":12},"end":{"line":82,"column":23}},"type":"default-arg","locations":[{"start":{"line":82,"column":21},"end":{"line":82,"column":23}}],"line":82},"10":{"loc":{"start":{"line":83,"column":13},"end":{"line":83,"column":43}},"type":"cond-expr","locations":[{"start":{"line":83,"column":22},"end":{"line":83,"column":34}},{"start":{"line":83,"column":37},"end":{"line":83,"column":43}}],"line":83},"11":{"loc":{"start":{"line":88,"column":4},"end":{"line":94,"column":5}},"type":"if","locations":[{"start":{"line":88,"column":4},"end":{"line":94,"column":5}},{"start":{"line":90,"column":11},"end":{"line":94,"column":5}}],"line":88},"12":{"loc":{"start":{"line":90,"column":11},"end":{"line":94,"column":5}},"type":"if","locations":[{"start":{"line":90,"column":11},"end":{"line":94,"column":5}},{"start":{"line":92,"column":11},"end":{"line":94,"column":5}}],"line":90}},"s":{"0":6,"1":6,"2":6,"3":6,"4":6,"5":6,"6":6,"7":1,"8":4,"9":6,"10":4,"11":1,"12":1,"13":0,"14":0,"15":0,"16":0,"17":0,"18":0,"19":0,"20":0,"21":0,"22":0,"23":0,"24":0,"25":0,"26":0,"27":0,"28":0,"29":0,"30":0,"31":0,"32":0,"33":0,"34":0,"35":0,"36":0,"37":3,"38":1,"39":2,"40":1,"41":1,"42":6},"f":{"0":6,"1":1,"2":4,"3":1,"4":0,"5":0,"6":0,"7":0,"8":0,"9":3},"b":{"0":[0],"1":[1,0],"2":[0,0],"3":[0,0],"4":[0,0],"5":[0,0],"6":[0,0],"7":[0,0],"8":[0,0],"9":[0],"10":[0,0],"11":[1,2],"12":[1,1]},"_coverageSchema":"1a1c01bbd47fc00a2c39e90264f33305004495a9","hash":"1d7824a66046f9ea4da6952244d4142b88c19572"}
}
